#
# A fatal error has been detected by the Java Runtime Environment:
#
#  SIGBUS (0xa) at pc=0x0000000116a25b02, pid=77961, tid=0x0000000000006403
#
# JRE version: Java(TM) SE Runtime Environment (8.0_161-b12) (build 1.8.0_161-b12)
# Java VM: Java HotSpot(TM) 64-Bit Server VM (25.161-b12 mixed mode bsd-amd64 compressed oops)
# Problematic frame:
# v  ~StubRoutines::jlong_disjoint_arraycopy
#
# Failed to write core dump. Core dumps have been disabled. To enable core dumping, try "ulimit -c unlimited" before starting Java again
#
# If you would like to submit a bug report, please visit:
#   http://bugreport.java.com/bugreport/crash.jsp
#

---------------  T H R E A D  ---------------

Current thread (0x00007f94a9c2b050):  JavaThread "pool-1-thread-3" [_thread_in_Java, id=25603, stack(0x0000700004d6b000,0x0000700004e6b000)]

siginfo: si_signo: 10 (SIGBUS), si_code: 2 (BUS_ADRERR), si_addr: 0x0000000128588000

Registers:
RAX=0x0000000734e3a420, RBX=0x0000000000000fa8, RCX=0x00000001285883c0, RDX=0xffffffffffffff8b
RSP=0x0000700004e6a470, RBP=0x0000700004e6a470, RSI=0x0000000128587420, RDI=0x0000000734e3a418
R8 =0x0000000128587420, R9 =0x0000000000000018, R10=0x0000000116a260e0, R11=0x0000000000000000
R12=0x0000000000000000, R13=0x0000000734e39400, R14=0x00000007269cf8f8, R15=0x00007f94a9c2b050
RIP=0x0000000116a25b02, EFLAGS=0x0000000000010286, ERR=0x0000000000000006
  TRAPNO=0x000000000000000e

Top of Stack: (sp=0x0000700004e6a470)
0x0000700004e6a470:   0000000000000000 0000000116d367c7
0x0000700004e6a480:   e623bc1700000008 00000007311de0b8
0x0000700004e6a490:   0000000734e391b0 00000007311e4e78
0x0000700004e6a4a0:   0000000732696f58 00000000001e9420
0x0000700004e6a4b0:   0000000734e39400 0000000700000fa8
0x0000700004e6a4c0:   0000000000000008 0000000000000fa0
0x0000700004e6a4d0:   0000000000000fa8 0000000000000fbf
0x0000700004e6a4e0:   0000000000000fb8 0000000734e39468
0x0000700004e6a4f0:   0000000734e39478 00000001169db040
0x0000700004e6a500:   0000000720449c08 0000700004e6a508
0x0000700004e6a510:   0000000000000001 0000000000000001
0x0000700004e6a520:   000000011521d4e0 0000000000000000
0x0000700004e6a530:   0000700004e6a5b0 00000001169daa90
0x0000700004e6a540:   00000001169daa90 00000007311e4e78
0x0000700004e6a550:   00000007311de0b8 0000000732696f58
0x0000700004e6a560:   0000000000000003 0000000000000000
0x0000700004e6a570:   0000700004e6a560 00000001150b5d6a
0x0000700004e6a580:   0000700004e6a5d8 00000001150b6738
0x0000700004e6a590:   00000001150bef20 00000001150b5df8
0x0000700004e6a5a0:   0000700004e6a548 0000700004e6a5e0
0x0000700004e6a5b0:   0000700004e6a708 0000000116c0560c
0x0000700004e6a5c0:   0000000734e39070 0000000734e20028
0x0000700004e6a5d0:   0000000720449c08 00000007204302f0
0x0000700004e6a5e0:   0000700004e6a620 000000010ece30dd
0x0000700004e6a5f0:   0000000116c08260 00007f94a9c2b050
0x0000700004e6a600:   00007f94a9c2b050 000000072a3d5f18
0x0000700004e6a610:   0000700004e6a738 00007f94a9c2b050
0x0000700004e6a620:   0000000734e1e4c0 00000007204302f0
0x0000700004e6a630:   0000000734e17700 0000000734e1e4c0
0x0000700004e6a640:   000000072043d688 0000000000000fb0
0x0000700004e6a650:   0000700004e6a708 0000000116c082d4
0x0000700004e6a660:   ffffffffffffffff 0000000734e17718 

Instructions: (pc=0x0000000116a25b02)
0x0000000116a25ae2:   c2 75 f1 48 33 c0 c9 c3 66 0f 1f 44 00 00 c5 fe
0x0000000116a25af2:   6f 44 d7 c8 c5 fe 7f 44 d1 c8 c5 fe 6f 4c d7 e8
0x0000000116a25b02:   c5 fe 7f 4c d1 e8 48 83 c2 08 7e e2 48 83 ea 04
0x0000000116a25b12:   7f 10 c5 fe 6f 44 d7 e8 c5 fe 7f 44 d1 e8 48 83 

Register to memory mapping:

RAX=